<?xml version="1.0" encoding="UTF-8"?>
<testsuite name="com.a2acli.transport.SseTransportTest" tests="5" skipped="0" failures="0" errors="0" timestamp="2026-06-10T18:32:29" hostname="Vishals-Mac-Studio.local" time="0.016">
  <properties/>
  <testcase name="sseEndpoint defaults to rpcEndpoint without trailing rpc()" classname="com.a2acli.transport.SseTransportTest" time="0.007"/>
  <testcase name="stream drains remaining SSE events()" classname="com.a2acli.transport.SseTransportTest" time="0.003"/>
  <testcase name="call throws JsonRpcException on JSON-RPC error()" classname="com.a2acli.transport.SseTransportTest" time="0.002"/>
  <testcase name="call returns first SSE data line as result for streaming methods()" classname="com.a2acli.transport.SseTransportTest" time="0.002"/>
  <testcase name="call returns result for JSON response()" classname="com.a2acli.transport.SseTransportTest" time="0.001"/>
  <system-out><![CDATA[]]></system-out>
  <system-err><![CDATA[]]></system-err>
</testsuite>
