<?xml version="1.0" encoding="UTF-8"?>
<testsuite name="com.a2acli.ModelsTest" tests="12" skipped="0" failures="0" errors="0" timestamp="2026-06-10T18:32:29" hostname="Vishals-Mac-Studio.local" time="0.005">
  <properties/>
  <testcase name="text part uses kind not type()" classname="com.a2acli.ModelsTest" time="0.0"/>
  <testcase name="TaskArtifactUpdateEvent deserializes()" classname="com.a2acli.ModelsTest" time="0.001"/>
  <testcase name="Message always serializes kind as message()" classname="com.a2acli.ModelsTest" time="0.0"/>
  <testcase name="Task deserializes all task states()" classname="com.a2acli.ModelsTest" time="0.0"/>
  <testcase name="Task deserializes with completed state and message()" classname="com.a2acli.ModelsTest" time="0.0"/>
  <testcase name="Message role serializes as lowercase string()" classname="com.a2acli.ModelsTest" time="0.0"/>
  <testcase name="AgentCard tolerates missing optional fields()" classname="com.a2acli.ModelsTest" time="0.001"/>
  <testcase name="AgentCard deserializes capabilities()" classname="com.a2acli.ModelsTest" time="0.0"/>
  <testcase name="Task deserializes artifacts()" classname="com.a2acli.ModelsTest" time="0.0"/>
  <testcase name="TaskStatusUpdateEvent deserializes()" classname="com.a2acli.ModelsTest" time="0.0"/>
  <testcase name="TaskSendParams embeds part kind in serialized output()" classname="com.a2acli.ModelsTest" time="0.001"/>
  <testcase name="Message with unknown fields round-trips()" classname="com.a2acli.ModelsTest" time="0.0"/>
  <system-out><![CDATA[]]></system-out>
  <system-err><![CDATA[]]></system-err>
</testsuite>
